<?xml version="1.0" encoding="UTF-8"?>
<robot generator="Robot 4.1.1 (Python 3.9.7 on win32)" generated="20210911 14:53:30.395" rpa="false" schemaversion="2">
<suite id="s1" name="ProjetoRobot" source="C:\Users\Raphael Scursoni\Desktop\ProjetoRobot\tests\ProjetoRobot.robot">
<test id="s1-t1" name="Caso de Teste 01: Pesquisar produto existente">
<kw name="Abrir navegador" library="Resource" type="SETUP">
<kw name="Open Browser" library="SeleniumLibrary">
<arg>about:blank</arg>
<arg>${BROWSER}</arg>
<doc>Opens a new browser instance to the optional ``url``.</doc>
<msg timestamp="20210911 14:53:30.714" level="INFO">Opening browser 'chrome' to base url 'about:blank'.</msg>
<status status="PASS" starttime="20210911 14:53:30.713" endtime="20210911 14:53:32.188"/>
</kw>
<status status="PASS" starttime="20210911 14:53:30.713" endtime="20210911 14:53:32.188"/>
</kw>
<kw name="Acessar a página home do site" library="Resource">
<kw name="Go To" library="SeleniumLibrary">
<arg>http://automationpractice.com</arg>
<doc>Navigates the current browser window to the provided ``url``.</doc>
<msg timestamp="20210911 14:53:32.191" level="INFO">Opening url 'http://automationpractice.com'</msg>
<status status="PASS" starttime="20210911 14:53:32.191" endtime="20210911 14:53:36.571"/>
</kw>
<kw name="Title Should Be" library="SeleniumLibrary">
<arg>My Store</arg>
<doc>Verifies that the current page title equals ``title``.</doc>
<msg timestamp="20210911 14:53:36.578" level="INFO">Page title is 'My Store'.</msg>
<status status="PASS" starttime="20210911 14:53:36.571" endtime="20210911 14:53:36.578"/>
</kw>
<status status="PASS" starttime="20210911 14:53:32.190" endtime="20210911 14:53:36.579"/>
</kw>
<kw name="Digitar o nome do produto &quot;Blouse&quot; no campo de pesquisa" library="Resource" sourcename="Digitar o nome do produto &quot;${PRODUTO}&quot; no campo de pesquisa">
<kw name="Input Text" library="SeleniumLibrary">
<arg>name=search_query</arg>
<arg>${PRODUTO}</arg>
<doc>Types the given ``text`` into the text field identified by ``locator``.</doc>
<msg timestamp="20210911 14:53:36.580" level="INFO">Typing text 'Blouse' into text field 'name=search_query'.</msg>
<status status="PASS" starttime="20210911 14:53:36.580" endtime="20210911 14:53:36.697"/>
</kw>
<status status="PASS" starttime="20210911 14:53:36.579" endtime="20210911 14:53:36.697"/>
</kw>
<kw name="Clicar no botão pesquisar" library="Resource">
<kw name="Click Element" library="SeleniumLibrary">
<arg>name=submit_search</arg>
<doc>Click the element identified by ``locator``.</doc>
<msg timestamp="20210911 14:53:36.699" level="INFO">Clicking element 'name=submit_search'.</msg>
<status status="PASS" starttime="20210911 14:53:36.698" endtime="20210911 14:53:37.808"/>
</kw>
<status status="PASS" starttime="20210911 14:53:36.698" endtime="20210911 14:53:37.808"/>
</kw>
<kw name="Conferir se o produto &quot;Blouse&quot; foi listado no site" library="Resource" sourcename="Conferir se o produto &quot;${PRODUTO}&quot; foi listado no site">
<kw name="Wait Until Element Is Visible" library="SeleniumLibrary">
<arg>css=#center_column &gt; h1</arg>
<doc>Waits until the element ``locator`` is visible.</doc>
<status status="PASS" starttime="20210911 14:53:37.810" endtime="20210911 14:53:37.837"/>
</kw>
<kw name="Title Should Be" library="SeleniumLibrary">
<arg>Search - My Store</arg>
<doc>Verifies that the current page title equals ``title``.</doc>
<msg timestamp="20210911 14:53:37.841" level="INFO">Page title is 'Search - My Store'.</msg>
<status status="PASS" starttime="20210911 14:53:37.838" endtime="20210911 14:53:37.841"/>
</kw>
<status status="PASS" starttime="20210911 14:53:37.809" endtime="20210911 14:53:37.841"/>
</kw>
<kw name="Clicar no produto &quot;Blouse&quot;" library="Resource">
<kw name="Click Element" library="SeleniumLibrary">
<arg>xpath=//*[@id="center_column"]/ul/li/div/div[1]/div/a[1]/img</arg>
<doc>Click the element identified by ``locator``.</doc>
<msg timestamp="20210911 14:53:37.843" level="INFO">Clicking element 'xpath=//*[@id="center_column"]/ul/li/div/div[1]/div/a[1]/img'.</msg>
<status status="PASS" starttime="20210911 14:53:37.843" endtime="20210911 14:53:39.345"/>
</kw>
<status status="PASS" starttime="20210911 14:53:37.842" endtime="20210911 14:53:39.345"/>
</kw>
<kw name="Clicar na no botão do carrinho" library="Resource">
<kw name="Click Element" library="SeleniumLibrary">
<arg>xpath=//*[@id="add_to_cart"]/button/span</arg>
<doc>Click the element identified by ``locator``.</doc>
<msg timestamp="20210911 14:53:39.347" level="INFO">Clicking element 'xpath=//*[@id="add_to_cart"]/button/span'.</msg>
<status status="PASS" starttime="20210911 14:53:39.346" endtime="20210911 14:53:39.428"/>
</kw>
<status status="PASS" starttime="20210911 14:53:39.346" endtime="20210911 14:53:39.428"/>
</kw>
<kw name="Continuar no Checkout" library="Resource">
<kw name="Click Element" library="SeleniumLibrary">
<arg>xpath=//*[@id="layer_cart"]/div[1]/div[2]/div[4]/a/span/text()</arg>
<doc>Click the element identified by ``locator``.</doc>
<msg timestamp="20210911 14:53:39.429" level="INFO">Clicking element 'xpath=//*[@id="layer_cart"]/div[1]/div[2]/div[4]/a/span/text()'.</msg>
<kw name="Capture Page Screenshot" library="SeleniumLibrary">
<doc>Takes a screenshot of the current page and embeds it into a log file.</doc>
<msg timestamp="20210911 14:53:39.584" level="INFO" html="true">&lt;/td&gt;&lt;/tr&gt;&lt;tr&gt;&lt;td colspan="3"&gt;&lt;a href="selenium-screenshot-13.png"&gt;&lt;img src="selenium-screenshot-13.png" width="800px"&gt;&lt;/a&gt;</msg>
<status status="PASS" starttime="20210911 14:53:39.449" endtime="20210911 14:53:39.584"/>
</kw>
<msg timestamp="20210911 14:53:39.589" level="FAIL">InvalidSelectorException: Message: invalid selector: The result of the xpath expression "//*[@id="layer_cart"]/div[1]/div[2]/div[4]/a/span/text()" is: [object Text]. It should be an element.
  (Session info: chrome=93.0.4577.63)
</msg>
<status status="FAIL" starttime="20210911 14:53:39.429" endtime="20210911 14:53:39.589"/>
</kw>
<status status="FAIL" starttime="20210911 14:53:39.429" endtime="20210911 14:53:39.590"/>
</kw>
<status status="FAIL" starttime="20210911 14:53:30.712" endtime="20210911 14:53:39.591">InvalidSelectorException: Message: invalid selector: The result of the xpath expression "//*[@id="layer_cart"]/div[1]/div[2]/div[4]/a/span/text()" is: [object Text]. It should be an element.
  (Session info: chrome=93.0.4577.63)
</status>
</test>
<status status="FAIL" starttime="20210911 14:53:30.397" endtime="20210911 14:53:39.595"/>
</suite>
<statistics>
<total>
<stat pass="0" fail="1" skip="0">All Tests</stat>
</total>
<tag>
</tag>
<suite>
<stat pass="0" fail="1" skip="0" id="s1" name="ProjetoRobot">ProjetoRobot</stat>
</suite>
</statistics>
<errors>
</errors>
</robot>
