<?xml version="1.0" encoding="UTF-8"?>
<robot generator="Robot 4.1.1 (Python 3.9.7 on win32)" generated="20210911 00:57:50.573" rpa="false" schemaversion="2">
<suite id="s1" name="ProjetoRobot" source="C:\Users\Raphael Scursoni\Desktop\ProjetoRobot\tests\ProjetoRobot.robot">
<test id="s1-t1" name="Caso de Teste 01: Pesquisar produto existente">
<kw name="Abrir navegador" type="SETUP">
<kw name="Open Browser" library="SeleniumLibrary">
<arg>about:blank</arg>
<arg>${BROWSER}</arg>
<doc>Opens a new browser instance to the optional ``url``.</doc>
<msg timestamp="20210911 00:57:50.964" level="INFO">Opening browser 'chrome' to base url 'about:blank'.</msg>
<status status="PASS" starttime="20210911 00:57:50.964" endtime="20210911 00:57:53.181"/>
</kw>
<status status="PASS" starttime="20210911 00:57:50.964" endtime="20210911 00:57:53.181"/>
</kw>
<kw name="Acessar a página home do site">
<kw name="Go To" library="SeleniumLibrary">
<arg>http://automationpractice.com</arg>
<doc>Navigates the current browser window to the provided ``url``.</doc>
<msg timestamp="20210911 00:57:53.183" level="INFO">Opening url 'http://automationpractice.com'</msg>
<status status="PASS" starttime="20210911 00:57:53.183" endtime="20210911 00:57:58.470"/>
</kw>
<kw name="Title Should Be" library="SeleniumLibrary">
<arg>My Store</arg>
<doc>Verifies that the current page title equals ``title``.</doc>
<msg timestamp="20210911 00:57:58.476" level="INFO">Page title is 'My Store'.</msg>
<status status="PASS" starttime="20210911 00:57:58.470" endtime="20210911 00:57:58.476"/>
</kw>
<status status="PASS" starttime="20210911 00:57:53.182" endtime="20210911 00:57:58.476"/>
</kw>
<kw name="Abrir navegador">
<kw name="Open Browser" library="SeleniumLibrary">
<arg>about:blank</arg>
<arg>${BROWSER}</arg>
<doc>Opens a new browser instance to the optional ``url``.</doc>
<msg timestamp="20210911 00:57:58.478" level="INFO">Opening browser 'chrome' to base url 'about:blank'.</msg>
<status status="PASS" starttime="20210911 00:57:58.477" endtime="20210911 00:57:59.995"/>
</kw>
<status status="PASS" starttime="20210911 00:57:58.477" endtime="20210911 00:57:59.995"/>
</kw>
<kw name="Fechar navegador" type="TEARDOWN">
<kw name="Close Browser" library="SeleniumLibrary">
<doc>Closes the current browser.</doc>
<status status="PASS" starttime="20210911 00:57:59.997" endtime="20210911 00:58:02.221"/>
</kw>
<status status="PASS" starttime="20210911 00:57:59.996" endtime="20210911 00:58:02.221"/>
</kw>
<status status="PASS" starttime="20210911 00:57:50.948" endtime="20210911 00:58:02.221"/>
</test>
<status status="PASS" starttime="20210911 00:57:50.573" endtime="20210911 00:58:02.224"/>
</suite>
<statistics>
<total>
<stat pass="1" fail="0" skip="0">All Tests</stat>
</total>
<tag>
</tag>
<suite>
<stat pass="1" fail="0" skip="0" id="s1" name="ProjetoRobot">ProjetoRobot</stat>
</suite>
</statistics>
<errors>
</errors>
</robot>
